# JRE version: OpenJDK Runtime Environment GraalVM CE 22.3.0 (17.0.5+8) (build 17.0.5+8-jvmci-22.3-b08)
# Java VM: OpenJDK 64-Bit Server VM GraalVM CE 22.3.0 (17.0.5+8-jvmci-22.3-b08, mixed mode, sharing, tiered, jvmci, jvmci compiler, compressed oops, compressed class ptrs, parallel gc, linux-amd64)
GC Precious Log:
 CPUs: 8 total, 1 available
 Memory: 1024M
 Large Page Support: Disabled
 NUMA Support: Disabled
 Compressed Oops: Enabled (32-bit)
 Alignments: Space 512K, Generation 512K, Heap 2M
 Heap Min Capacity: 100M
 Heap Initial Capacity: 100M
 Heap Max Capacity: 512M
 Pre-touch: Disabled
 Parallel Workers: 1
Heap:
 PSYoungGen      total 29696K, used 23551K [0x00000000f5580000, 0x00000000f7b80000, 0x0000000100000000)
  eden space 23552K, 99% used [0x00000000f5580000,0x00000000f6c7fef8,0x00000000f6c80000)
  from space 6144K, 0% used [0x00000000f7300000,0x00000000f7300000,0x00000000f7900000)
  to   space 6656K, 0% used [0x00000000f6c80000,0x00000000f6c80000,0x00000000f7300000)
 ParOldGen       total 349696K, used 349695K [0x00000000e0000000, 0x00000000f5580000, 0x00000000f5580000)
  object space 349696K, 99% used [0x00000000e0000000,0x00000000f557fdf8,0x00000000f5580000)
 Metaspace       used 62848K, committed 63872K, reserved 1114112K
  class space    used 6125K, committed 6592K, reserved 1048576K
GC Heap History (20 events):
Event: 931.874 GC heap before
{Heap before GC invocations=684 (full 585):
 PSYoungGen      total 29696K, used 23552K [0x00000000f5580000, 0x00000000f7b80000, 0x0000000100000000)
  eden space 23552K, 100% used [0x00000000f5580000,0x00000000f6c80000,0x00000000f6c80000)
  from space 6144K, 0% used [0x00000000f7300000,0x00000000f7300000,0x00000000f7900000)
  to   space 6656K, 0% used [0x00000000f6c80000,0x00000000f6c80000,0x00000000f7300000)
 ParOldGen       total 349696K, used 349693K [0x00000000e0000000, 0x00000000f5580000, 0x00000000f5580000)
  object space 349696K, 99% used [0x00000000e0000000,0x00000000f557f518,0x00000000f5580000)
 Metaspace       used 62848K, committed 63872K, reserved 1114112K
  class space    used 6125K, committed 6592K, reserved 1048576K
}
Event: 933.391 GC heap after
{Heap after GC invocations=684 (full 585):
 PSYoungGen      total 30208K, used 23551K [0x00000000f5580000, 0x00000000f7b80000, 0x0000000100000000)
  eden space 23552K, 99% used [0x00000000f5580000,0x00000000f6c7ffa0,0x00000000f6c80000)
  from space 6656K, 0% used [0x00000000f6c80000,0x00000000f6c80000,0x00000000f7300000)
  to   space 6144K, 0% used [0x00000000f7300000,0x00000000f7300000,0x00000000f7900000)
 ParOldGen       total 349696K, used 349693K [0x00000000e0000000, 0x00000000f5580000, 0x00000000f5580000)
  object space 349696K, 99% used [0x00000000e0000000,0x00000000f557f518,0x00000000f5580000)
 Metaspace       used 62848K, committed 63872K, reserved 1114112K
  class space    used 6125K, committed 6592K, reserved 1048576K
}
Event: 933.391 GC heap before
{Heap before GC invocations=685 (full 586):
 PSYoungGen      total 30208K, used 23551K [0x00000000f5580000, 0x00000000f7b80000, 0x0000000100000000)
  eden space 23552K, 99% used [0x00000000f5580000,0x00000000f6c7fff0,0x00000000f6c80000)
  from space 6656K, 0% used [0x00000000f6c80000,0x00000000f6c80000,0x00000000f7300000)
  to   space 6144K, 0% used [0x00000000f7300000,0x00000000f7300000,0x00000000f7900000)
 ParOldGen       total 349696K, used 349693K [0x00000000e0000000, 0x00000000f5580000, 0x00000000f5580000)
  object space 349696K, 99% used [0x00000000e0000000,0x00000000f557f518,0x00000000f5580000)
 Metaspace       used 62848K, committed 63872K, reserved 1114112K
  class space    used 6125K, committed 6592K, reserved 1048576K
}
Event: 934.905 GC heap after
{Heap after GC invocations=685 (full 586):
 PSYoungGen      total 29696K, used 23551K [0x00000000f5580000, 0x00000000f7b80000, 0x0000000100000000)
  eden space 23552K, 99% used [0x00000000f5580000,0x00000000f6c7ffa0,0x00000000f6c80000)
  from space 6144K, 0% used [0x00000000f7300000,0x00000000f7300000,0x00000000f7900000)
  to   space 6656K, 0% used [0x00000000f6c80000,0x00000000f6c80000,0x00000000f7300000)
 ParOldGen       total 349696K, used 349693K [0x00000000e0000000, 0x00000000f5580000, 0x00000000f5580000)
  object space 349696K, 99% used [0x00000000e0000000,0x00000000f557f518,0x00000000f5580000)
 Metaspace       used 62848K, committed 63872K, reserved 1114112K
  class space    used 6125K, committed 6592K, reserved 1048576K
}
Event: 934.906 GC heap before
{Heap before GC invocations=686 (full 587):
 PSYoungGen      total 29696K, used 23552K [0x00000000f5580000, 0x00000000f7b80000, 0x0000000100000000)
  eden space 23552K, 100% used [0x00000000f5580000,0x00000000f6c80000,0x00000000f6c80000)
  from space 6144K, 0% used [0x00000000f7300000,0x00000000f7300000,0x00000000f7900000)
  to   space 6656K, 0% used [0x00000000f6c80000,0x00000000f6c80000,0x00000000f7300000)
 ParOldGen       total 349696K, used 349693K [0x00000000e0000000, 0x00000000f5580000, 0x00000000f5580000)
  object space 349696K, 99% used [0x00000000e0000000,0x00000000f557f518,0x00000000f5580000)
 Metaspace       used 62848K, committed 63872K, reserved 1114112K
  class space    used 6125K, committed 6592K, reserved 1048576K
}
Event: 936.576 GC heap after
{Heap after GC invocations=686 (full 587):
 PSYoungGen      total 30208K, used 23551K [0x00000000f5580000, 0x00000000f7b80000, 0x0000000100000000)
  eden space 23552K, 99% used [0x00000000f5580000,0x00000000f6c7ffa0,0x00000000f6c80000)
  from space 6656K, 0% used [0x00000000f6c80000,0x00000000f6c80000,0x00000000f7300000)
  to   space 6144K, 0% used [0x00000000f7300000,0x00000000f7300000,0x00000000f7900000)
 ParOldGen       total 349696K, used 349693K [0x00000000e0000000, 0x00000000f5580000, 0x00000000f5580000)
  object space 349696K, 99% used [0x00000000e0000000,0x00000000f557f518,0x00000000f5580000)
 Metaspace       used 62848K, committed 63872K, reserved 1114112K
  class space    used 6125K, committed 6592K, reserved 1048576K
}
Event: 936.576 GC heap before
{Heap before GC invocations=687 (full 588):
 PSYoungGen      total 30208K, used 23552K [0x00000000f5580000, 0x00000000f7b80000, 0x0000000100000000)
  eden space 23552K, 100% used [0x00000000f5580000,0x00000000f6c80000,0x00000000f6c80000)
  from space 6656K, 0% used [0x00000000f6c80000,0x00000000f6c80000,0x00000000f7300000)
  to   space 6144K, 0% used [0x00000000f7300000,0x00000000f7300000,0x00000000f7900000)
 ParOldGen       total 349696K, used 349693K [0x00000000e0000000, 0x00000000f5580000, 0x00000000f5580000)
  object space 349696K, 99% used [0x00000000e0000000,0x00000000f557f518,0x00000000f5580000)
 Metaspace       used 62848K, committed 63872K, reserved 1114112K
  class space    used 6125K, committed 6592K, reserved 1048576K
}
Event: 937.904 GC heap after
{Heap after GC invocations=687 (full 588):
 PSYoungGen      total 29696K, used 23551K [0x00000000f5580000, 0x00000000f7b80000, 0x0000000100000000)
  eden space 23552K, 99% used [0x00000000f5580000,0x00000000f6c7ffa0,0x00000000f6c80000)
  from space 6144K, 0% used [0x00000000f7300000,0x00000000f7300000,0x00000000f7900000)
  to   space 6656K, 0% used [0x00000000f6c80000,0x00000000f6c80000,0x00000000f7300000)
 ParOldGen       total 349696K, used 349693K [0x00000000e0000000, 0x00000000f5580000, 0x00000000f5580000)
  object space 349696K, 99% used [0x00000000e0000000,0x00000000f557f518,0x00000000f5580000)
 Metaspace       used 62848K, committed 63872K, reserved 1114112K
  class space    used 6125K, committed 6592K, reserved 1048576K
}
Event: 937.904 GC heap before
{Heap before GC invocations=688 (full 589):
 PSYoungGen      total 29696K, used 23551K [0x00000000f5580000, 0x00000000f7b80000, 0x0000000100000000)
  eden space 23552K, 99% used [0x00000000f5580000,0x00000000f6c7fff0,0x00000000f6c80000)
  from space 6144K, 0% used [0x00000000f7300000,0x00000000f7300000,0x00000000f7900000)
  to   space 6656K, 0% used [0x00000000f6c80000,0x00000000f6c80000,0x00000000f7300000)
 ParOldGen       total 349696K, used 349693K [0x00000000e0000000, 0x00000000f5580000, 0x00000000f5580000)
  object space 349696K, 99% used [0x00000000e0000000,0x00000000f557f518,0x00000000f5580000)
 Metaspace       used 62848K, committed 63872K, reserved 1114112K
  class space    used 6125K, committed 6592K, reserved 1048576K
}
Event: 939.101 GC heap after
{Heap after GC invocations=688 (full 589):
 PSYoungGen      total 30208K, used 23551K [0x00000000f5580000, 0x00000000f7b80000, 0x0000000100000000)
  eden space 23552K, 99% used [0x00000000f5580000,0x00000000f6c7ffd8,0x00000000f6c80000)
  from space 6656K, 0% used [0x00000000f6c80000,0x00000000f6c80000,0x00000000f7300000)
  to   space 6144K, 0% used [0x00000000f7300000,0x00000000f7300000,0x00000000f7900000)
 ParOldGen       total 349696K, used 349693K [0x00000000e0000000, 0x00000000f5580000, 0x00000000f5580000)
  object space 349696K, 99% used [0x00000000e0000000,0x00000000f557f518,0x00000000f5580000)
 Metaspace       used 62848K, committed 63872K, reserved 1114112K
  class space    used 6125K, committed 6592K, reserved 1048576K
}
Event: 939.101 GC heap before
{Heap before GC invocations=689 (full 590):
 PSYoungGen      total 30208K, used 23551K [0x00000000f5580000, 0x00000000f7b80000, 0x0000000100000000)
  eden space 23552K, 99% used [0x00000000f5580000,0x00000000f6c7fff0,0x00000000f6c80000)
  from space 6656K, 0% used [0x00000000f6c80000,0x00000000f6c80000,0x00000000f7300000)
  to   space 6144K, 0% used [0x00000000f7300000,0x00000000f7300000,0x00000000f7900000)
 ParOldGen       total 349696K, used 349693K [0x00000000e0000000, 0x00000000f5580000, 0x00000000f5580000)
  object space 349696K, 99% used [0x00000000e0000000,0x00000000f557f518,0x00000000f5580000)
 Metaspace       used 62848K, committed 63872K, reserved 1114112K
  class space    used 6125K, committed 6592K, reserved 1048576K
}
Event: 940.408 GC heap after
{Heap after GC invocations=689 (full 590):
 PSYoungGen      total 29696K, used 23551K [0x00000000f5580000, 0x00000000f7b80000, 0x0000000100000000)
  eden space 23552K, 99% used [0x00000000f5580000,0x00000000f6c7fff0,0x00000000f6c80000)
  from space 6144K, 0% used [0x00000000f7300000,0x00000000f7300000,0x00000000f7900000)
  to   space 6656K, 0% used [0x00000000f6c80000,0x00000000f6c80000,0x00000000f7300000)
 ParOldGen       total 349696K, used 349693K [0x00000000e0000000, 0x00000000f5580000, 0x00000000f5580000)
  object space 349696K, 99% used [0x00000000e0000000,0x00000000f557f518,0x00000000f5580000)
 Metaspace       used 62848K, committed 63872K, reserved 1114112K
  class space    used 6125K, committed 6592K, reserved 1048576K
}
Event: 940.408 GC heap before
{Heap before GC invocations=690 (full 591):
 PSYoungGen      total 29696K, used 23551K [0x00000000f5580000, 0x00000000f7b80000, 0x0000000100000000)
  eden space 23552K, 99% used [0x00000000f5580000,0x00000000f6c7fff0,0x00000000f6c80000)
  from space 6144K, 0% used [0x00000000f7300000,0x00000000f7300000,0x00000000f7900000)
  to   space 6656K, 0% used [0x00000000f6c80000,0x00000000f6c80000,0x00000000f7300000)
 ParOldGen       total 349696K, used 349695K [0x00000000e0000000, 0x00000000f5580000, 0x00000000f5580000)
  object space 349696K, 99% used [0x00000000e0000000,0x00000000f557fff8,0x00000000f5580000)
 Metaspace       used 62848K, committed 63872K, reserved 1114112K
  class space    used 6125K, committed 6592K, reserved 1048576K
}
Event: 941.808 GC heap after
{Heap after GC invocations=690 (full 591):
 PSYoungGen      total 30208K, used 23551K [0x00000000f5580000, 0x00000000f7b80000, 0x0000000100000000)
  eden space 23552K, 99% used [0x00000000f5580000,0x00000000f6c7fc58,0x00000000f6c80000)
  from space 6656K, 0% used [0x00000000f6c80000,0x00000000f6c80000,0x00000000f7300000)
  to   space 6144K, 0% used [0x00000000f7300000,0x00000000f7300000,0x00000000f7900000)
 ParOldGen       total 349696K, used 349695K [0x00000000e0000000, 0x00000000f5580000, 0x00000000f5580000)
  object space 349696K, 99% used [0x00000000e0000000,0x00000000f557fff8,0x00000000f5580000)
 Metaspace       used 62848K, committed 63872K, reserved 1114112K
  class space    used 6125K, committed 6592K, reserved 1048576K
}
Event: 941.809 GC heap before
{Heap before GC invocations=691 (full 592):
 PSYoungGen      total 30208K, used 23551K [0x00000000f5580000, 0x00000000f7b80000, 0x0000000100000000)
  eden space 23552K, 99% used [0x00000000f5580000,0x00000000f6c7fff8,0x00000000f6c80000)
  from space 6656K, 0% used [0x00000000f6c80000,0x00000000f6c80000,0x00000000f7300000)
  to   space 6144K, 0% used [0x00000000f7300000,0x00000000f7300000,0x00000000f7900000)
 ParOldGen       total 349696K, used 349695K [0x00000000e0000000, 0x00000000f5580000, 0x00000000f5580000)
  object space 349696K, 99% used [0x00000000e0000000,0x00000000f557fff8,0x00000000f5580000)
 Metaspace       used 62848K, committed 63872K, reserved 1114112K
  class space    used 6125K, committed 6592K, reserved 1048576K
}
Event: 943.265 GC heap after
{Heap after GC invocations=691 (full 592):
 PSYoungGen      total 29696K, used 23551K [0x00000000f5580000, 0x00000000f7b80000, 0x0000000100000000)
  eden space 23552K, 99% used [0x00000000f5580000,0x00000000f6c7fdd0,0x00000000f6c80000)
  from space 6144K, 0% used [0x00000000f7300000,0x00000000f7300000,0x00000000f7900000)
  to   space 6656K, 0% used [0x00000000f6c80000,0x00000000f6c80000,0x00000000f7300000)
 ParOldGen       total 349696K, used 349695K [0x00000000e0000000, 0x00000000f5580000, 0x00000000f5580000)
  object space 349696K, 99% used [0x00000000e0000000,0x00000000f557ffd8,0x00000000f5580000)
 Metaspace       used 62848K, committed 63872K, reserved 1114112K
  class space    used 6125K, committed 6592K, reserved 1048576K
}
Event: 943.266 GC heap before
{Heap before GC invocations=692 (full 593):
 PSYoungGen      total 29696K, used 23551K [0x00000000f5580000, 0x00000000f7b80000, 0x0000000100000000)
  eden space 23552K, 99% used [0x00000000f5580000,0x00000000f6c7ff18,0x00000000f6c80000)
  from space 6144K, 0% used [0x00000000f7300000,0x00000000f7300000,0x00000000f7900000)
  to   space 6656K, 0% used [0x00000000f6c80000,0x00000000f6c80000,0x00000000f7300000)
 ParOldGen       total 349696K, used 349695K [0x00000000e0000000, 0x00000000f5580000, 0x00000000f5580000)
  object space 349696K, 99% used [0x00000000e0000000,0x00000000f557ffd8,0x00000000f5580000)
 Metaspace       used 62848K, committed 63872K, reserved 1114112K
  class space    used 6125K, committed 6592K, reserved 1048576K
}
Event: 944.669 GC heap after
{Heap after GC invocations=692 (full 593):
 PSYoungGen      total 30208K, used 23551K [0x00000000f5580000, 0x00000000f7b80000, 0x0000000100000000)
  eden space 23552K, 99% used [0x00000000f5580000,0x00000000f6c7fde8,0x00000000f6c80000)
  from space 6656K, 0% used [0x00000000f6c80000,0x00000000f6c80000,0x00000000f7300000)
  to   space 6144K, 0% used [0x00000000f7300000,0x00000000f7300000,0x00000000f7900000)
 ParOldGen       total 349696K, used 349695K [0x00000000e0000000, 0x00000000f5580000, 0x00000000f5580000)
  object space 349696K, 99% used [0x00000000e0000000,0x00000000f557ffd8,0x00000000f5580000)
 Metaspace       used 62848K, committed 63872K, reserved 1114112K
  class space    used 6125K, committed 6592K, reserved 1048576K
}
Event: 944.669 GC heap before
{Heap before GC invocations=693 (full 594):
 PSYoungGen      total 30208K, used 23551K [0x00000000f5580000, 0x00000000f7b80000, 0x0000000100000000)
  eden space 23552K, 99% used [0x00000000f5580000,0x00000000f6c7fde8,0x00000000f6c80000)
  from space 6656K, 0% used [0x00000000f6c80000,0x00000000f6c80000,0x00000000f7300000)
  to   space 6144K, 0% used [0x00000000f7300000,0x00000000f7300000,0x00000000f7900000)
 ParOldGen       total 349696K, used 349695K [0x00000000e0000000, 0x00000000f5580000, 0x00000000f5580000)
  object space 349696K, 99% used [0x00000000e0000000,0x00000000f557ffd8,0x00000000f5580000)
 Metaspace       used 62848K, committed 63872K, reserved 1114112K
  class space    used 6125K, committed 6592K, reserved 1048576K
}
Event: 945.958 GC heap after
{Heap after GC invocations=693 (full 594):
 PSYoungGen      total 29696K, used 23551K [0x00000000f5580000, 0x00000000f7b80000, 0x0000000100000000)
  eden space 23552K, 99% used [0x00000000f5580000,0x00000000f6c7fc88,0x00000000f6c80000)
  from space 6144K, 0% used [0x00000000f7300000,0x00000000f7300000,0x00000000f7900000)
  to   space 6656K, 0% used [0x00000000f6c80000,0x00000000f6c80000,0x00000000f7300000)
 ParOldGen       total 349696K, used 349695K [0x00000000e0000000, 0x00000000f5580000, 0x00000000f5580000)
  object space 349696K, 99% used [0x00000000e0000000,0x00000000f557fdf8,0x00000000f5580000)
 Metaspace       used 62848K, committed 63872K, reserved 1114112K
  class space    used 6125K, committed 6592K, reserved 1048576K
}

